2020-10-17T23:09:02+00:00 ERROR Error getting remote inbox notification data feed
2020-10-17T23:09:02+00:00 ERROR WP_Error Object
(
    [errors] => Array
        (
            [http_request_failed] => Array
                (
                    [0] => cURL error 28: Resolving timed out after 5000 milliseconds
                )

        )

    [error_data] => Array
        (
        )

)

2020-10-17T23:09:08+00:00 ERROR Error getting remote inbox notification data feed
2020-10-17T23:09:08+00:00 ERROR WP_Error Object
(
    [errors] => Array
        (
            [http_request_failed] => Array
                (
                    [0] => cURL error 28: Operation timed out after 5000 milliseconds with 0 out of 0 bytes received
                )

        )

    [error_data] => Array
        (
        )

)

