[21/Oct/2020:10:11:59] (I): WordPress Instance Info:
[21/Oct/2020:10:11:59] (I): Home URL : http://localhost/noyawears
[21/Oct/2020:10:11:59] (I): Site URL : http://localhost/noyawears
[21/Oct/2020:10:11:59] (I): WordPress Version : 5.5.1
[21/Oct/2020:10:11:59] (I): Onboarding Version : 1.0.11
[21/Oct/2020:10:11:59] (I): Multisite : No
[21/Oct/2020:10:11:59] (I): Server Info : Apache/2.4.46 (Win64) OpenSSL/1.1.1g PHP/7.2.34
[21/Oct/2020:10:11:59] (I): PHP Version : 7.2.34
[21/Oct/2020:10:11:59] (I): HTTPS : No
[21/Oct/2020:10:11:59] (I): PHP Max Execution Time : 120
[21/Oct/2020:10:11:59] (I): PHP Max Input Vars : 1000
[21/Oct/2020:10:11:59] (I): Max Upload Size : 41943040
[21/Oct/2020:10:11:59] (I): Plugins:
[21/Oct/2020:10:11:59] (I): [PLUGIN] Akismet Anti-Spam : v4.1.6 (Automattic)
[21/Oct/2020:10:11:59] (I): [PLUGIN] Gutenberg Blocks and Template Library by Otter : v1.5.8 (ThemeIsle)
[21/Oct/2020:10:11:59] (I): [PLUGIN] Templates Patterns Collection : v1.0.11 (ThemeIsle)
[21/Oct/2020:10:11:59] (P): Saving remote XML
[21/Oct/2020:10:12:00] (S): Saved remote XML at path C:\xampp\htdocs\Noyawears/wp-content/uploads/themeisle-demo-import.xml.
[21/Oct/2020:10:12:00] (P): Starting content import...
[21/Oct/2020:10:12:00] (S): Import started.
[21/Oct/2020:10:12:00] (S): Parsing XML file.
[21/Oct/2020:10:12:00] (P): Starting parsing file:C:\xampp\htdocs\Noyawears/wp-content/uploads/themeisle-demo-import.xml
[21/Oct/2020:10:12:00] (P): Using WXR_Parser_SimpleXML...
[21/Oct/2020:10:12:00] (S): Parsed XML
[21/Oct/2020:10:12:00] (P): Processing categories...
[21/Oct/2020:10:12:00] (S): Processed categories.
[21/Oct/2020:10:12:00] (P): Processing tags...
[21/Oct/2020:10:12:00] (S): No tags to process.
[21/Oct/2020:10:12:00] (P): Processing terms...
[21/Oct/2020:10:12:00] (S): Processed terms.
[21/Oct/2020:10:12:00] (P): Processing posts...
[21/Oct/2020:10:12:00] (P): Processing single menu item ' '...
[21/Oct/2020:10:12:00] (P): Processing attachment: https://s33834.pcdn.co/web-agency-gb/wp-content/uploads/sites/422/2020/01/neve-webdesign-GB-01.png...
[21/Oct/2020:10:12:00] (P): Fetching attachment from url: https://s33834.pcdn.co/web-agency-gb/wp-content/uploads/sites/422/2020/01/neve-webdesign-GB-01.png...
[21/Oct/2020:10:12:02] (S): Fetched remote attachment.
[21/Oct/2020:10:12:02] (P): Inserting attachment...
[21/Oct/2020:10:12:02] (S): Attachment inserted
[21/Oct/2020:10:12:02] (S): Processed attachment.
[21/Oct/2020:10:12:02] (P): Processing attachment: https://s33834.pcdn.co/web-agency-gb/wp-content/uploads/sites/422/2020/01/neve-webdesign-GB-03.png...
[21/Oct/2020:10:12:02] (P): Fetching attachment from url: https://s33834.pcdn.co/web-agency-gb/wp-content/uploads/sites/422/2020/01/neve-webdesign-GB-03.png...
[21/Oct/2020:10:12:02] (S): Fetched remote attachment.
[21/Oct/2020:10:12:02] (P): Inserting attachment...
[21/Oct/2020:10:12:02] (S): Attachment inserted
[21/Oct/2020:10:12:03] (S): Processed attachment.
[21/Oct/2020:10:12:03] (P): Processing attachment: https://s33834.pcdn.co/web-agency-gb/wp-content/uploads/sites/422/2020/01/neve-webdesign-GB-04.png...
[21/Oct/2020:10:12:03] (P): Fetching attachment from url: https://s33834.pcdn.co/web-agency-gb/wp-content/uploads/sites/422/2020/01/neve-webdesign-GB-04.png...
[21/Oct/2020:10:12:03] (S): Fetched remote attachment.
[21/Oct/2020:10:12:03] (P): Inserting attachment...
[21/Oct/2020:10:12:03] (S): Attachment inserted
[21/Oct/2020:10:12:03] (S): Processed attachment.
[21/Oct/2020:10:12:03] (P): Processing attachment: https://s33834.pcdn.co/web-agency-gb/wp-content/uploads/sites/422/2020/01/neve-web-design-bg-05.jpg...
[21/Oct/2020:10:12:03] (P): Fetching attachment from url: https://s33834.pcdn.co/web-agency-gb/wp-content/uploads/sites/422/2020/01/neve-web-design-bg-05.jpg...
[21/Oct/2020:10:12:05] (S): Fetched remote attachment.
[21/Oct/2020:10:12:05] (P): Inserting attachment...
[21/Oct/2020:10:12:05] (S): Attachment inserted
[21/Oct/2020:10:12:05] (S): Processed attachment.
[21/Oct/2020:10:12:05] (P): Processing attachment: https://s33834.pcdn.co/web-agency-gb/wp-content/uploads/sites/422/2020/01/neve-web-design-bg-06.jpg...
[21/Oct/2020:10:12:05] (P): Fetching attachment from url: https://s33834.pcdn.co/web-agency-gb/wp-content/uploads/sites/422/2020/01/neve-web-design-bg-06.jpg...
[21/Oct/2020:10:12:07] (S): Fetched remote attachment.
[21/Oct/2020:10:12:07] (P): Inserting attachment...
[21/Oct/2020:10:12:07] (S): Attachment inserted
[21/Oct/2020:10:12:07] (S): Processed attachment.
[21/Oct/2020:10:12:07] (P): Processing attachment: https://s33834.pcdn.co/web-agency-gb/wp-content/uploads/sites/422/2020/01/neve-web-design-bg-07.jpg...
[21/Oct/2020:10:12:07] (P): Fetching attachment from url: https://s33834.pcdn.co/web-agency-gb/wp-content/uploads/sites/422/2020/01/neve-web-design-bg-07.jpg...
[21/Oct/2020:10:12:08] (S): Fetched remote attachment.
[21/Oct/2020:10:12:08] (P): Inserting attachment...
[21/Oct/2020:10:12:08] (S): Attachment inserted
[21/Oct/2020:10:12:08] (S): Processed attachment.
[21/Oct/2020:10:12:08] (P): Processing attachment: https://s33834.pcdn.co/web-agency-gb/wp-content/uploads/sites/422/2020/01/neve-web-design-bg-08.jpg...
[21/Oct/2020:10:12:08] (P): Fetching attachment from url: https://s33834.pcdn.co/web-agency-gb/wp-content/uploads/sites/422/2020/01/neve-web-design-bg-08.jpg...
[21/Oct/2020:10:12:10] (S): Fetched remote attachment.
[21/Oct/2020:10:12:10] (P): Inserting attachment...
[21/Oct/2020:10:12:10] (S): Attachment inserted
[21/Oct/2020:10:12:10] (S): Processed attachment.
[21/Oct/2020:10:12:10] (P): Processing attachment: https://s33834.pcdn.co/web-agency-gb/wp-content/uploads/sites/422/2020/01/neve-web-design-bg-09.jpg...
[21/Oct/2020:10:12:10] (P): Fetching attachment from url: https://s33834.pcdn.co/web-agency-gb/wp-content/uploads/sites/422/2020/01/neve-web-design-bg-09.jpg...
[21/Oct/2020:10:12:11] (S): Fetched remote attachment.
[21/Oct/2020:10:12:11] (P): Inserting attachment...
[21/Oct/2020:10:12:11] (S): Attachment inserted
[21/Oct/2020:10:12:11] (S): Processed attachment.
[21/Oct/2020:10:12:11] (P): Processing attachment: https://s33834.pcdn.co/web-agency-gb/wp-content/uploads/sites/422/2020/01/neve-web-design-bg-10.jpg...
[21/Oct/2020:10:12:11] (P): Fetching attachment from url: https://s33834.pcdn.co/web-agency-gb/wp-content/uploads/sites/422/2020/01/neve-web-design-bg-10.jpg...
[21/Oct/2020:10:12:14] (S): Fetched remote attachment.
[21/Oct/2020:10:12:14] (P): Inserting attachment...
[21/Oct/2020:10:12:14] (S): Attachment inserted
[21/Oct/2020:10:12:14] (S): Processed attachment.
[21/Oct/2020:10:12:14] (P): Processing attachment: https://s33834.pcdn.co/web-agency-gb/wp-content/uploads/sites/422/2020/01/neve-web-design-bg-11.jpg...
[21/Oct/2020:10:12:14] (P): Fetching attachment from url: https://s33834.pcdn.co/web-agency-gb/wp-content/uploads/sites/422/2020/01/neve-web-design-bg-11.jpg...
[21/Oct/2020:10:12:15] (S): Fetched remote attachment.
[21/Oct/2020:10:12:15] (P): Inserting attachment...
[21/Oct/2020:10:12:15] (S): Attachment inserted
[21/Oct/2020:10:12:15] (S): Processed attachment.
[21/Oct/2020:10:12:15] (P): Processing attachment: https://s33834.pcdn.co/web-agency-gb/wp-content/uploads/sites/422/2020/01/neve-web-design-bg-12.jpg...
[21/Oct/2020:10:12:15] (P): Fetching attachment from url: https://s33834.pcdn.co/web-agency-gb/wp-content/uploads/sites/422/2020/01/neve-web-design-bg-12.jpg...
[21/Oct/2020:10:12:20] (S): Fetched remote attachment.
[21/Oct/2020:10:12:20] (P): Inserting attachment...
[21/Oct/2020:10:12:20] (S): Attachment inserted
[21/Oct/2020:10:12:20] (S): Processed attachment.
[21/Oct/2020:10:12:20] (P): Processing attachment: https://s33834.pcdn.co/web-agency-gb/wp-content/uploads/sites/422/2020/01/neve-web-design-bg-13.jpg...
[21/Oct/2020:10:12:20] (P): Fetching attachment from url: https://s33834.pcdn.co/web-agency-gb/wp-content/uploads/sites/422/2020/01/neve-web-design-bg-13.jpg...
[21/Oct/2020:10:12:23] (S): Fetched remote attachment.
[21/Oct/2020:10:12:23] (P): Inserting attachment...
[21/Oct/2020:10:12:23] (S): Attachment inserted
[21/Oct/2020:10:12:23] (S): Processed attachment.
[21/Oct/2020:10:12:23] (P): Processing attachment: https://s33834.pcdn.co/web-agency-gb/wp-content/uploads/sites/422/2020/01/neve-web-design-bg-14.jpg...
[21/Oct/2020:10:12:23] (P): Fetching attachment from url: https://s33834.pcdn.co/web-agency-gb/wp-content/uploads/sites/422/2020/01/neve-web-design-bg-14.jpg...
[21/Oct/2020:10:12:25] (S): Fetched remote attachment.
[21/Oct/2020:10:12:25] (P): Inserting attachment...
[21/Oct/2020:10:12:25] (S): Attachment inserted
[21/Oct/2020:10:12:25] (S): Processed attachment.
[21/Oct/2020:10:12:25] (P): Processing attachment: https://s33834.pcdn.co/web-agency-gb/wp-content/uploads/sites/422/2020/01/neve-web-design-bg-15.jpg...
[21/Oct/2020:10:12:25] (P): Fetching attachment from url: https://s33834.pcdn.co/web-agency-gb/wp-content/uploads/sites/422/2020/01/neve-web-design-bg-15.jpg...
[21/Oct/2020:10:12:26] (S): Fetched remote attachment.
[21/Oct/2020:10:12:26] (P): Inserting attachment...
[21/Oct/2020:10:12:26] (S): Attachment inserted
[21/Oct/2020:10:12:26] (S): Processed attachment.
[21/Oct/2020:10:12:26] (P): Processing attachment: https://s33834.pcdn.co/web-agency-gb/wp-content/uploads/sites/422/2020/06/web-agency-logo-2.png...
[21/Oct/2020:10:12:26] (P): Fetching attachment from url: https://s33834.pcdn.co/web-agency-gb/wp-content/uploads/sites/422/2020/06/web-agency-logo-2.png...
[21/Oct/2020:10:12:27] (S): Fetched remote attachment.
[21/Oct/2020:10:12:27] (P): Inserting attachment...
[21/Oct/2020:10:12:28] (S): Attachment inserted
[21/Oct/2020:10:12:28] (S): Processed attachment.
[21/Oct/2020:10:12:28] (P): Processing attachment: https://s33834.pcdn.co/web-agency-gb/wp-content/uploads/sites/422/2020/06/web-agency-icon.png...
[21/Oct/2020:10:12:28] (P): Fetching attachment from url: https://s33834.pcdn.co/web-agency-gb/wp-content/uploads/sites/422/2020/06/web-agency-icon.png...
[21/Oct/2020:10:12:29] (S): Fetched remote attachment.
[21/Oct/2020:10:12:29] (P): Inserting attachment...
[21/Oct/2020:10:12:29] (S): Attachment inserted
[21/Oct/2020:10:12:29] (S): Processed attachment.
[21/Oct/2020:10:12:29] (P): Processing attachment: https://s33834.pcdn.co/web-agency-gb/wp-content/uploads/sites/422/2020/06/cropped-web-agency-logo-2.png...
[21/Oct/2020:10:12:29] (P): Fetching attachment from url: https://s33834.pcdn.co/web-agency-gb/wp-content/uploads/sites/422/2020/06/cropped-web-agency-logo-2.png...
[21/Oct/2020:10:12:30] (S): Fetched remote attachment.
[21/Oct/2020:10:12:30] (P): Inserting attachment...
[21/Oct/2020:10:12:30] (S): Attachment inserted
[21/Oct/2020:10:12:30] (S): Processed attachment.
[21/Oct/2020:10:12:30] (P): Processing attachment: https://s33834.pcdn.co/web-agency-gb/wp-content/uploads/sites/422/2020/06/cropped-web-agency-icon.png...
[21/Oct/2020:10:12:30] (P): Fetching attachment from url: https://s33834.pcdn.co/web-agency-gb/wp-content/uploads/sites/422/2020/06/cropped-web-agency-icon.png...
[21/Oct/2020:10:12:33] (S): Fetched remote attachment.
[21/Oct/2020:10:12:33] (P): Inserting attachment...
[21/Oct/2020:10:12:33] (S): Attachment inserted
[21/Oct/2020:10:12:33] (S): Processed attachment.
[21/Oct/2020:10:12:33] (P): Processing attachment: https://s33834.pcdn.co/web-agency-gb/wp-content/uploads/sites/422/2020/07/web-design-studio-01.jpg.jpg...
[21/Oct/2020:10:12:33] (P): Fetching attachment from url: https://s33834.pcdn.co/web-agency-gb/wp-content/uploads/sites/422/2020/07/web-design-studio-01.jpg.jpg...
[21/Oct/2020:10:12:43] (S): Fetched remote attachment.
[21/Oct/2020:10:12:43] (P): Inserting attachment...
[21/Oct/2020:10:12:43] (S): Attachment inserted
[21/Oct/2020:10:12:43] (S): Processed attachment.
[21/Oct/2020:10:12:43] (P): Inserting post: 5 UX Principles for Creating a Great Website .
[21/Oct/2020:10:12:43] (S): Done inserting post: 5 UX Principles for Creating a Great Website .
[21/Oct/2020:10:12:43] (P): Inserting page: News .
[21/Oct/2020:10:12:43] (S): Done inserting page: News .
[21/Oct/2020:10:12:43] (P): Inserting page: Home .
[21/Oct/2020:10:12:43] (S): Done inserting page: Home .
[21/Oct/2020:10:12:44] (P): Processing single menu item ' '...
[21/Oct/2020:10:12:44] (S): Processed single menu item.
[21/Oct/2020:10:12:44] (P): Inserting post: Web Design Trends for 2020 .
[21/Oct/2020:10:12:44] (S): Done inserting post: Web Design Trends for 2020 .
[21/Oct/2020:10:12:44] (P): Inserting post: A Simple Guide to Design Thinking .
[21/Oct/2020:10:12:45] (S): Done inserting post: A Simple Guide to Design Thinking .
[21/Oct/2020:10:12:45] (P): Inserting wp_block: 3 column section .
[21/Oct/2020:10:12:45] (S): Done inserting wp_block: 3 column section .
[21/Oct/2020:10:12:45] (P): Inserting page: About Us .
[21/Oct/2020:10:12:45] (S): Done inserting page: About Us .
[21/Oct/2020:10:12:45] (P): Processing single menu item ' '...
[21/Oct/2020:10:12:46] (S): Processed single menu item.
[21/Oct/2020:10:12:46] (P): Inserting page: Portfolio .
[21/Oct/2020:10:12:46] (S): Done inserting page: Portfolio .
[21/Oct/2020:10:12:46] (P): Inserting page: Portfolio Single .
[21/Oct/2020:10:12:46] (S): Done inserting page: Portfolio Single .
[21/Oct/2020:10:12:46] (P): Processing single menu item ' '...
[21/Oct/2020:10:12:47] (S): Processed single menu item.
[21/Oct/2020:10:12:47] (P): Processing single menu item ' '...
[21/Oct/2020:10:12:47] (S): Processed single menu item.
[21/Oct/2020:10:12:47] (P): Inserting page: Contact Us .
[21/Oct/2020:10:12:47] (S): Done inserting page: Contact Us .
[21/Oct/2020:10:12:47] (P): Processing single menu item ' '...
[21/Oct/2020:10:12:48] (S): Processed single menu item.
[21/Oct/2020:10:12:48] (S): Processed posts.
[21/Oct/2020:10:12:48] (P): Processing single menu item ' '...
[21/Oct/2020:10:12:49] (S): Processed single menu item.
[21/Oct/2020:10:12:50] (P): Cleaning up import with id ...
[21/Oct/2020:10:12:50] (P): Done cleanup. Flushing cache...
[21/Oct/2020:10:12:50] (P): Flushed cache. Removing temporary data..
[21/Oct/2020:10:12:50] (S): Done importing
[21/Oct/2020:10:12:50] (P): Busting elementor cache
[21/Oct/2020:10:12:50] (S): Front page set up with id: 115.
